[02/02/2025 15:16:19]] GET /index.html.GET took 37ms. User: unknown
[02/02/2025 15:16:19]] GET /js/jewelry2.js.GET took 3ms. User: unknown
[02/02/2025 15:16:19]] GET /jewelry.GET took 94ms. User: unknown
[02/02/2025 15:16:19]] GET /favicon.ico.GET took 5ms. User: unknown
[02/02/2025 15:16:30]] GET /swagger/index.html.GET took 46ms. User: unknown
[02/02/2025 15:17:16]] GET /jewelry.GET took 4ms. User: unknown
[02/02/2025 15:17:30]] GET /jewelry.GET took 13ms. User: unknown
[02/02/2025 15:19:43]] GET /jewelry.GET took 124ms. User: unknown
[02/02/2025 15:19:47]] GET /swagger/index.html.GET took 44ms. User: unknown
[02/02/2025 15:21:44]] GET /swagger/index.html.GET took 133ms. User: unknown
[02/02/2025 15:22:09]] GET /jewelry.GET took 81ms. User: unknown
[02/02/2025 15:23:22]] GET /swagger/index.html.GET took 61ms. User: unknown
[02/02/2025 15:29:26]] GET /swagger/index.html.GET took 2ms. User: unknown
[02/02/2025 15:29:35]] GET /swagger/index.html.GET took 0ms. User: unknown
[02/02/2025 15:29:35]] GET /swagger/swagger-ui.css.GET took 19ms. User: unknown
[02/02/2025 15:29:35]] GET /swagger/swagger-ui-bundle.js.GET took 32ms. User: unknown
[02/02/2025 15:29:36]] GET /swagger/favicon-32x32.png.GET took 0ms. User: unknown
[02/02/2025 15:29:44]] GET /swagger/index.html.GET took 0ms. User: unknown
[02/02/2025 15:29:44]] GET /swagger/swagger-ui.css.GET took 1ms. User: unknown
[02/02/2025 15:29:44]] GET /swagger/swagger-ui-standalone-preset.js.GET took 5ms. User: unknown
[02/02/2025 15:29:44]] GET /swagger/swagger-ui-bundle.js.GET took 12ms. User: unknown
[02/02/2025 15:29:44]] GET /swagger/favicon-32x32.png.GET took 0ms. User: unknown
[02/02/2025 15:30:47]] GET /favicon.ico.GET took 3ms. User: unknown
[02/02/2025 15:30:47]] GET /favicon.ico.GET took 31ms. User: unknown
[02/02/2025 15:33:22]] GET /swagger/index.html.GET took 0ms. User: unknown
[02/02/2025 15:33:22]] GET /swagger/swagger-ui.css.GET took 2ms. User: unknown
[02/02/2025 15:33:22]] GET /swagger/swagger-ui-bundle.js.GET took 20ms. User: unknown
[02/02/2025 15:33:23]] GET /swagger/favicon-32x32.png.GET took 0ms. User: unknown
[02/02/2025 15:33:31]] GET /swagger/index.html.GET took 0ms. User: unknown
[02/02/2025 15:33:31]] GET /swagger/swagger-ui.css.GET took 2ms. User: unknown
[02/02/2025 15:33:31]] GET /swagger/swagger-ui-bundle.js.GET took 32ms. User: unknown
[02/02/2025 15:33:31]] GET /swagger/favicon-32x32.png.GET took 0ms. User: unknown
[02/02/2025 15:33:34]] GET /swagger/index.html.GET took 0ms. User: unknown
[02/02/2025 15:33:34]] GET /swagger/swagger-ui-standalone-preset.js.GET took 5ms. User: unknown
[02/02/2025 15:33:34]] GET /swagger/swagger-ui.css.GET took 3ms. User: unknown
[02/02/2025 15:33:34]] GET /swagger/swagger-ui-bundle.js.GET took 19ms. User: unknown
[02/02/2025 15:33:35]] GET /swagger/favicon-32x32.png.GET took 0ms. User: unknown
[02/02/2025 15:35:01]] GET /jewelry.GET took 83ms. User: unknown
[02/02/2025 15:35:08]] GET /swagger/index.html.GET took 54ms. User: unknown
[02/02/2025 15:35:08]] GET /swagger/v1/swagger.json.GET took 113ms. User: unknown
[02/02/2025 15:36:02]] GET /swagger/v1/swagger.json.GET took 6ms. User: unknown
[02/02/2025 15:36:58]] GET /Google.GET took 45ms. User: unknown
[02/02/2025 15:43:25]] GET /swagger/index.html.GET took 0ms. User: unknown
[02/02/2025 15:43:25]] GET /swagger/swagger-ui.css.GET took 16ms. User: unknown
[02/02/2025 15:43:25]] GET /swagger/swagger-ui-bundle.js.GET took 24ms. User: unknown
[02/02/2025 15:43:26]] GET /swagger/favicon-32x32.png.GET took 0ms. User: unknown
[02/02/2025 15:43:30]] GET /swagger/index.html.GET took 0ms. User: unknown
[02/02/2025 15:43:30]] GET /swagger/swagger-ui.css.GET took 2ms. User: unknown
[02/02/2025 15:43:30]] GET /swagger/swagger-ui-bundle.js.GET took 49ms. User: unknown
[02/02/2025 15:43:30]] GET /swagger/favicon-32x32.png.GET took 0ms. User: unknown
[02/02/2025 15:43:32]] GET /swagger/index.html.GET took 0ms. User: unknown
[02/02/2025 15:43:32]] GET /swagger/swagger-ui.css.GET took 1ms. User: unknown
[02/02/2025 15:43:32]] GET /swagger/swagger-ui-standalone-preset.js.GET took 2ms. User: unknown
[02/02/2025 15:43:32]] GET /swagger/swagger-ui-bundle.js.GET took 16ms. User: unknown
[02/02/2025 15:43:32]] GET /swagger/favicon-32x32.png.GET took 0ms. User: unknown
[02/02/2025 15:43:32]] GET /swagger/v1/swagger.json.GET took 7ms. User: unknown
[02/02/2025 15:43:48]] GET /swagger/v1/swagger.json.GET took 7ms. User: unknown
[02/02/2025 18:42:21]] POST /Jewelry.POST took 269ms. User: unknown
[02/02/2025 18:42:44]] GET /Jewelry.GET took 48ms. User: unknown
[02/02/2025 18:49:21]] GET /swagger/index.html.GET took 202ms. User: unknown
[02/02/2025 18:49:21]] GET /swagger/v1/swagger.json.GET took 223ms. User: unknown
[02/02/2025 18:50:00]] GET /swagger/index.html.GET took 120ms. User: unknown
[02/02/2025 18:50:01]] GET /swagger/v1/swagger.json.GET took 251ms. User: unknown
[02/02/2025 18:52:12]] POST /Admin/GenerateBadge.POST took 62ms. User: unknown
[02/02/2025 18:52:31]] GET /Admin/GenerateBadge.GET took 7ms. User: unknown
[02/02/2025 18:53:53]] POST /Admin/Login.POST took 142ms. User: unknown
[02/02/2025 22:54:42]] GET /swagger/index.html.GET took 1ms. User: unknown
[02/02/2025 22:54:42]] GET /swagger/v1/swagger.json.GET took 21ms. User: unknown
[02/02/2025 23:18:13]] GET /swagger/index.html.GET took 1ms. User: unknown
[02/02/2025 23:18:13]] GET /swagger/v1/swagger.json.GET took 8ms. User: unknown
[02/02/2025 23:18:59]] GET /jewelry.GET took 114ms. User: unknown
[02/02/2025 23:19:04]] GET /swagger/index.html.GET took 42ms. User: unknown
[02/02/2025 23:19:04]] GET /swagger/v1/swagger.json.GET took 83ms. User: unknown
[25/02/2025 16:11:04]] GET /index.html.GET took 95ms. User: unknown
[25/02/2025 16:11:05]] GET /js/jewelry2.js.GET took 4ms. User: unknown
[25/02/2025 16:11:05]] GET /js/jewelry2.js.GET took 7ms. User: unknown
[25/02/2025 16:11:05]] GET /pictures/2.jpg.GET took 1ms. User: unknown
[25/02/2025 16:11:05]] GET /jewelry.GET took 133ms. User: unknown
[25/02/2025 16:11:05]] GET /favicon.ico.GET took 8ms. User: unknown
[25/02/2025 16:11:11]] GET /swagger.GET took 8ms. User: unknown
[25/02/2025 16:11:11]] GET /swagger/index.html.GET took 103ms. User: unknown
[25/02/2025 16:11:11]] GET /swagger/swagger-ui.css.GET took 19ms. User: unknown
[25/02/2025 16:11:11]] GET /swagger/swagger-ui-standalone-preset.js.GET took 20ms. User: unknown
[25/02/2025 16:11:11]] GET /swagger/swagger-ui-bundle.js.GET took 45ms. User: unknown
[25/02/2025 16:11:11]] GET /swagger/swagger-ui-standalone-preset.js.GET took 3ms. User: unknown
[25/02/2025 16:11:11]] GET /swagger/swagger-ui-bundle.js.GET took 14ms. User: unknown
[25/02/2025 16:11:12]] GET /swagger/favicon-32x32.png.GET took 0ms. User: unknown
[25/02/2025 16:11:12]] GET /swagger/v1/swagger.json.GET took 227ms. User: unknown
[25/02/2025 17:02:59]] GET /swagger/v1/swagger.json.GET took 5ms. User: unknown
